2020-05-16 17:53:19,577 ERROR 3184 [-/::1/-/19ms GET /] nodejs.Error: Please set config.keys first
    at Application.get keys [as keys] (E:\egg-example\node_modules\egg\lib\application.js:266:15)
    at Object.get cookies [as cookies] (E:\egg-example\node_modules\egg\app\extend\context.js:22:66)
    at Object.get [egg-security#CSRF_SECRET] (E:\egg-example\node_modules\egg-security\app\extend\context.js:91:35)
    at Object.ensureCsrfSecret (E:\egg-example\node_modules\egg-security\app\extend\context.js:104:13)
    at csrf (E:\egg-example\node_modules\egg-security\lib\middlewares\csrf.js:15:11)
    at dispatch (E:\egg-example\node_modules\egg-security\node_modules\koa-compose\index.js:42:32)
    at E:\egg-example\node_modules\egg-security\node_modules\koa-compose\index.js:34:12
    at dispatch (E:\egg-example\node_modules\koa\node_modules\koa-compose\index.js:42:32)
    at session (E:\egg-example\node_modules\koa-session\index.js:41:13)
    at dispatch (E:\egg-example\node_modules\koa\node_modules\koa-compose\index.js:42:32)

pid: 3184
hostname: DESKTOP-BRCP019

2020-05-16 17:56:58,498 ERROR 1164 nodejs.ClusterClientNoResponseError: client no response in 79389ms exceeding maxIdleTime 60000ms, maybe the connection is close on other side.
    at Timeout._onTimeout (E:\egg-example\node_modules\cluster-client\lib\leader.js:77:23)
    at listOnTimeout (internal/timers.js:549:17)
    at processTimers (internal/timers.js:492:7)
name: "ClusterClientNoResponseError"
pid: 1164
hostname: DESKTOP-BRCP019

2020-05-16 17:58:14,538 ERROR 12680 [-/::1/-/142563ms GET /] nodejs.Error: Please set config.keys first
    at Application.get keys [as keys] (E:\egg-example\node_modules\egg\lib\application.js:266:15)
    at Object.get cookies [as cookies] (E:\egg-example\node_modules\egg\app\extend\context.js:22:66)
    at Object.get [egg-security#CSRF_SECRET] (E:\egg-example\node_modules\egg-security\app\extend\context.js:91:35)
    at Object.ensureCsrfSecret (E:\egg-example\node_modules\egg-security\app\extend\context.js:104:13)
    at csrf (E:\egg-example\node_modules\egg-security\lib\middlewares\csrf.js:15:11)
    at dispatch (E:\egg-example\node_modules\egg-security\node_modules\koa-compose\index.js:42:32)
    at E:\egg-example\node_modules\egg-security\node_modules\koa-compose\index.js:34:12
    at dispatch (E:\egg-example\node_modules\koa\node_modules\koa-compose\index.js:42:32)
    at session (E:\egg-example\node_modules\koa-session\index.js:41:13)
    at dispatch (E:\egg-example\node_modules\koa\node_modules\koa-compose\index.js:42:32)

pid: 12680
hostname: DESKTOP-BRCP019

2020-05-16 17:58:14,536 ERROR 1164 nodejs.EPERMError: EPERM: operation not permitted, watch
    at FSEvent.FSWatcher._handle.onchange (internal/fs/watchers.js:127:28)
errno: -4048
syscall: "watch"
code: "EPERM"
filename: null
dir: "E:\\egg-example\\app\\public"
name: "EPERMError"
pid: 1164
hostname: DESKTOP-BRCP019

